Questionable use of curly braces in "a 0 sp 11 0 87 34 hcn 100 part={dmos_s2_l1_n}"
    Error: undefined symbol in: "[dmos_s2_l1_n]"
Questionable use of curly braces in "a 0 sp 0:13 0 4 40 hcn 100 model={dmos_s2_l1}"
    Error: undefined symbol in: "[dmos_s2_l1]"
Questionable use of curly braces in "a 0 s 0 0 0 0 hln 100 erc={x}"
    Error: undefined symbol in: "[x]"
Questionable use of curly braces in "a 0 s 0 0 0 0 hln 100 erc={x}"
    Error: undefined symbol in: "[x]"
Questionable use of curly braces in "a 0 s 0 0 0 0 hln 100 erc={x}"
    Error: undefined symbol in: "[x]"
Questionable use of curly braces in "a 0 sp 11 0 87 34 hcn 100 part={bsc019n02ks_l1}"
    Error: undefined symbol in: "[bsc019n02ks_l1]"
Questionable use of curly braces in "a 0 sp 0:13 0 4 40 hcn 100 model={bsc019n02ks_l1}"
    Error: undefined symbol in: "[bsc019n02ks_l1]"
Questionable use of curly braces in "a 0 sp 11 0 87 34 hcn 100 part={bsr202n_l1}"
    Error: undefined symbol in: "[bsr202n_l1]"
Questionable use of curly braces in "a 0 sp 0:13 0 4 40 hcn 100 model={bsr202n_l1}"
    Error: undefined symbol in: "[bsr202n_l1]"
Questionable use of curly braces in "a 0 sp 11 0 87 34 hcn 100 part={bsl202sn_l1}"
    Error: undefined symbol in: "[bsl202sn_l1]"
Questionable use of curly braces in "a 0 sp 0:13 0 4 40 hcn 100 model={bsl202sn_l1}"
    Error: undefined symbol in: "[bsl202sn_l1]"
Questionable use of curly braces in "a 0 sp 11 0 87 34 hcn 100 part={bsc026n02ks_l1}"
    Error: undefined symbol in: "[bsc026n02ks_l1]"
Questionable use of curly braces in "a 0 sp 0:13 0 4 40 hcn 100 model={bsc026n02ks_l1}"
    Error: undefined symbol in: "[bsc026n02ks_l1]"
Questionable use of curly braces in "a 0 sp 11 0 87 34 hcn 100 part={bsc046n02ks_l1}"
    Error: undefined symbol in: "[bsc046n02ks_l1]"
Questionable use of curly braces in "a 0 sp 0:13 0 4 40 hcn 100 model={bsc046n02ks_l1}"
    Error: undefined symbol in: "[bsc046n02ks_l1]"
Questionable use of curly braces in "a 0 sp 11 0 34 96 hcn 100 part={dmos_n_l1}"
    Error: undefined symbol in: "[dmos_n_l1]"
Questionable use of curly braces in "a 0 s 0 0 0 10 hln 100 erc={x}"
    Error: undefined symbol in: "[x]"
Questionable use of curly braces in "a 0 s 0:13 0 0 -2 hln 100 float={r}"
    Error: undefined symbol in: "[r]"
Questionable use of curly braces in "a 0 s 0 0 70 -20 hln 100 erc={x}"
    Error: undefined symbol in: "[x]"
Questionable use of curly braces in "a 0 s 0:13 0 10 -2 hln 100 float={r}"
    Error: undefined symbol in: "[r]"
Questionable use of curly braces in "a 0 s 0 0 40 20 hln 100 erc={x}"
    Error: undefined symbol in: "[x]"
Questionable use of curly braces in "a 0 s 0:13 0 0 -2 hln 100 float={r}"
    Error: undefined symbol in: "[r]"
Questionable use of curly braces in "a 0 s 0 0 0 50 hln 100 erc={x}"
    Error: undefined symbol in: "[x]"
Questionable use of curly braces in "a 0 s 0:13 0 0 -2 hln 100 float={r}"
    Error: undefined symbol in: "[r]"
Questionable use of curly braces in "a 0 s 0 0 70 20 hln 100 erc={x}"
    Error: undefined symbol in: "[x]"
Questionable use of curly braces in "a 0 s 0:13 0 10 -2 hln 100 float={r}"
    Error: undefined symbol in: "[r]"
Questionable use of curly braces in "a 0 s 0 0 70 0 hln 100 erc={x}"
    Error: undefined symbol in: "[x]"
Questionable use of curly braces in "a 0 s 0:13 0 10 -2 hln 100 float={r}"
    Error: undefined symbol in: "[r]"
Questionable use of curly braces in "a 0 s 0 0 70 40 hln 100 erc={x}"
    Error: undefined symbol in: "[x]"
Questionable use of curly braces in "a 0 s 0:13 0 10 -2 hln 100 float={r}"
    Error: undefined symbol in: "[r]"
Questionable use of curly braces in "a 0 s 0:13 0 0 10 hln 100 erc={x}"
    Error: undefined symbol in: "[x]"
Questionable use of curly braces in "a 0 s 0:13 0 0 -2 hln 100 float={r}"
    Error: undefined symbol in: "[r]"
Questionable use of curly braces in "a 0 sp 11 0 34 96 hcn 100 part={bso330n02k_l1}"
    Error: undefined symbol in: "[bso330n02k_l1]"
Questionable use of curly braces in "a 0 sp 0:13 0 4 40 hcn 100 model={bso330n02k_l1}"
    Error: undefined symbol in: "[bso330n02k_l1]"
Questionable use of curly braces in "a 0 sp 11 0 87 34 hcn 100 part={bss205n_l1}"
    Error: undefined symbol in: "[bss205n_l1]"
Questionable use of curly braces in "a 0 sp 0:13 0 4 40 hcn 100 model={bss205n_l1}"
    Error: undefined symbol in: "[bss205n_l1]"
Questionable use of curly braces in "a 0 sp 11 0 87 34 hcn 100 part={bss214nw_l1}"
    Error: undefined symbol in: "[bss214nw_l1]"
Questionable use of curly braces in "a 0 sp 0:13 0 4 40 hcn 100 model={bss214nw_l1}"
    Error: undefined symbol in: "[bss214nw_l1]"
Questionable use of curly braces in "a 0 sp 11 0 87 34 hcn 100 part={bsd214sn_l1}"
    Error: undefined symbol in: "[bsd214sn_l1]"
Questionable use of curly braces in "a 0 sp 0:13 0 4 40 hcn 100 model={bsd214sn_l1}"
    Error: undefined symbol in: "[bsd214sn_l1]"
Questionable use of curly braces in "a 0 sp 11 0 106 96 hcn 100 part={dmos_n3_l1}"
    Error: undefined symbol in: "[dmos_n3_l1]"
Questionable use of curly braces in "a 0 sp 0 0 0 0 hln 100 model={bsd840n_l1}"
    Error: undefined symbol in: "[bsd840n_l1]"
Questionable use of curly braces in "a 0 s 0 0 0 30 hln 100 erc={x}"
    Error: undefined symbol in: "[x]"
Questionable use of curly braces in "a 0 s 0:13 0 0 11 hln 100 float={r}"
    Error: undefined symbol in: "[r]"
Questionable use of curly braces in "a 0 s 0 0 40 50 hln 100 erc={x}"
    Error: undefined symbol in: "[x]"
Questionable use of curly braces in "a 0 s 0:13 0 0 21 hln 100 float={r}"
    Error: undefined symbol in: "[r]"
Questionable use of curly braces in "a 0 s 0 0 80 100 hln 100 erc={x}"
    Error: undefined symbol in: "[x]"
Questionable use of curly braces in "a 0 s 0:13 0 80 159 hln 100 float={r}"
    Error: undefined symbol in: "[r]"
Questionable use of curly braces in "a 0 s 0 0 80 -10 hln 100 erc={x}"
    Error: undefined symbol in: "[x]"
Questionable use of curly braces in "a 0 s 0:13 0 20 -32 hln 100 float={r}"
    Error: undefined symbol in: "[r]"
Questionable use of curly braces in "a 0 s 0 0 80 20 hln 100 erc={x}"
    Error: undefined symbol in: "[x]"
Questionable use of curly braces in "a 0 s 0:13 0 20 -22 hln 100 float={r}"
    Error: undefined symbol in: "[r]"
Questionable use of curly braces in "a 0 s 0:13 0 0 20 hln 100 erc={x}"
    Error: undefined symbol in: "[x]"
Questionable use of curly braces in "a 0 s 0:13 0 0 1 hln 100 float={r}"
    Error: undefined symbol in: "[r]"
Questionable use of curly braces in "a 0 sp 11 0 106 96 hcn 100 part={bsd235n_l1}"
    Error: undefined symbol in: "[bsd235n_l1]"
Questionable use of curly braces in "a 0 sp 0 0 0 0 hln 100 model={bsd235n_l1}"
    Error: undefined symbol in: "[bsd235n_l1]"
Questionable use of curly braces in "a 0 sp 11 0 106 96 hcn 100 part={dmos_n3a_l1}"
    Error: undefined symbol in: "[dmos_n3a_l1]"
Questionable use of curly braces in "a 0 sp 0 0 0 0 hln 100 model={bsd840n_l1}"
    Error: undefined symbol in: "[bsd840n_l1]"
Questionable use of curly braces in "a 0 s 0 0 0 30 hln 100 erc={x}"
    Error: undefined symbol in: "[x]"
Questionable use of curly braces in "a 0 s 0:13 0 0 11 hln 100 float={r}"
    Error: undefined symbol in: "[r]"
Questionable use of curly braces in "a 0 s 0 0 40 50 hln 100 erc={x}"
    Error: undefined symbol in: "[x]"
Questionable use of curly braces in "a 0 s 0:13 0 0 21 hln 100 float={r}"
    Error: undefined symbol in: "[r]"
Questionable use of curly braces in "a 0 s 0 0 80 100 hln 100 erc={x}"
    Error: undefined symbol in: "[x]"
Questionable use of curly braces in "a 0 s 0:13 0 80 159 hln 100 float={r}"
    Error: undefined symbol in: "[r]"
Questionable use of curly braces in "a 0 s 0 0 80 -10 hln 100 erc={x}"
    Error: undefined symbol in: "[x]"
Questionable use of curly braces in "a 0 s 0:13 0 20 -32 hln 100 float={r}"
    Error: undefined symbol in: "[r]"
Questionable use of curly braces in "a 0 s 0 0 80 20 hln 100 erc={x}"
    Error: undefined symbol in: "[x]"
Questionable use of curly braces in "a 0 s 0:13 0 20 -22 hln 100 float={r}"
    Error: undefined symbol in: "[r]"
Questionable use of curly braces in "a 0 s 0:13 0 0 20 hln 100 erc={x}"
    Error: undefined symbol in: "[x]"
Questionable use of curly braces in "a 0 s 0:13 0 0 1 hln 100 float={r}"
    Error: undefined symbol in: "[r]"
Questionable use of curly braces in "a 0 sp 11 0 106 96 hcn 100 part={bsl205n_l1}"
    Error: undefined symbol in: "[bsl205n_l1]"
Questionable use of curly braces in "a 0 sp 0 0 0 0 hln 100 model={bsl205n_l1}"
    Error: undefined symbol in: "[bsl205n_l1]"
Questionable use of curly braces in "a 0 sp 11 0 87 34 hcn 100 part={bss214n_l1}"
    Error: undefined symbol in: "[bss214n_l1]"
Questionable use of curly braces in "a 0 sp 0:13 0 4 40 hcn 100 model={bss214n_l1}"
    Error: undefined symbol in: "[bss214n_l1]"
Questionable use of curly braces in "a 0 sp 11 0 106 96 hcn 100 part={bsl214n_l1}"
    Error: undefined symbol in: "[bsl214n_l1]"
Questionable use of curly braces in "a 0 sp 0 0 0 0 hln 100 model={bsl214n_l1}"
    Error: undefined symbol in: "[bsl214n_l1]"
Questionable use of curly braces in "a 0 sp 11 0 106 96 hcn 100 part={bsl207n_l1}"
    Error: undefined symbol in: "[bsl207n_l1]"
Questionable use of curly braces in "a 0 sp 0 0 0 0 hln 100 model={bsl207n_l1}"
    Error: undefined symbol in: "[bsl207n_l1]"
Circuit: *version 9.1 2013775710

Fatal Error: Multiple instances of "A"
